0 info it worked if it ends with ok
1 verbose cli [ 'C:\\Program Files\\nodejs\\node.exe',
1 verbose cli   'C:\\Users\\Akhmad Faizal Akbar\\AppData\\Roaming\\npm\\node_modules\\npm\\bin\\npm-cli.js',
1 verbose cli   'start' ]
2 info using npm@3.10.10
3 info using node@v8.11.3
4 verbose run-script [ 'prestart', 'start', 'poststart' ]
5 info lifecycle @coreui/react@1.0.10~prestart: @coreui/react@1.0.10
6 silly lifecycle @coreui/react@1.0.10~prestart: no script for prestart, continuing
7 info lifecycle @coreui/react@1.0.10~start: @coreui/react@1.0.10
8 verbose lifecycle @coreui/react@1.0.10~start: unsafe-perm in lifecycle true
9 verbose lifecycle @coreui/react@1.0.10~start: PATH: C:\Users\Akhmad Faizal Akbar\AppData\Roaming\npm\node_modules\npm\bin\node-gyp-bin;E:\_Job\2019\BRI\BRI Customer & Merchant Analytics\Customer 360\customer_analytics_brisim-dashboard\node_modules\.bin;C:\ProgramData\DockerDesktop\version-bin;C:\Program Files\Docker\Docker\Resources\bin;C:\ProgramData\Oracle\Java\javapath;C:\WINDOWS\system32;C:\WINDOWS;C:\WINDOWS\System32\Wbem;C:\WINDOWS\System32\WindowsPowerShell\v1.0\;C:\Python27;C:\Python27\Scripts;C:\xampp\php;C:\composer;C:\WINDOWS\System32\OpenSSH\;C:\Program Files\nodejs\;C:\Program Files\Git\cmd;C:\Go\bin;C:\Program Files (x86)\Gow\bin;C:\ProgramData\chocolatey\bin;C:\Program Files\Kubernetes\Minikube;D:\kube;C:\Users\Akhmad Faizal Akbar\AppData\Local\Programs\Python\Launcher\;C:\Users\Akhmad Faizal Akbar\AppData\Local\Programs\Python\Python37-32\Scripts\;C:\Users\Akhmad Faizal Akbar\AppData\Local\Programs\Python\Python37-32\;C:\ProgramData\Oracle\Java\javapath;C:\WINDOWS\system32;C:\WINDOWS;C:\WINDOWS\System32\Wbem;C:\WINDOWS\System32\WindowsPowerShell\v1.0\;C:\Users\Akhmad Faizal Akbar\AppData\Local\Microsoft\WindowsApps;C:\Users\Akhmad Faizal Akbar\AppData\Roaming\Composer\vendor\bin;C:\Users\Akhmad Faizal Akbar\AppData\Roaming\npm;C:\Users\Akhmad Faizal Akbar\AppData\Local\atom\bin;C:\Projects\Go\bin;C:\Users\Akhmad Faizal Akbar\AppData\Local\Microsoft\WindowsApps;D:\kube;;C:\Users\Akhmad Faizal Akbar\AppData\Local\Programs\Microsoft VS Code\bin
10 verbose lifecycle @coreui/react@1.0.10~start: CWD: E:\_Job\2019\BRI\BRI Customer & Merchant Analytics\Customer 360\customer_analytics_brisim-dashboard
11 silly lifecycle @coreui/react@1.0.10~start: Args: [ '/d /s /c',
11 silly lifecycle   'webpack-dev-server --progress --color --inline --env.local' ]
12 silly lifecycle @coreui/react@1.0.10~start: Returned: code: 1  signal: null
13 info lifecycle @coreui/react@1.0.10~start: Failed to exec start script
14 verbose stack Error: @coreui/react@1.0.10 start: `webpack-dev-server --progress --color --inline --env.local`
14 verbose stack Exit status 1
14 verbose stack     at EventEmitter.<anonymous> (C:\Users\Akhmad Faizal Akbar\AppData\Roaming\npm\node_modules\npm\lib\utils\lifecycle.js:255:16)
14 verbose stack     at emitTwo (events.js:126:13)
14 verbose stack     at EventEmitter.emit (events.js:214:7)
14 verbose stack     at ChildProcess.<anonymous> (C:\Users\Akhmad Faizal Akbar\AppData\Roaming\npm\node_modules\npm\lib\utils\spawn.js:40:14)
14 verbose stack     at emitTwo (events.js:126:13)
14 verbose stack     at ChildProcess.emit (events.js:214:7)
14 verbose stack     at maybeClose (internal/child_process.js:925:16)
14 verbose stack     at Process.ChildProcess._handle.onexit (internal/child_process.js:209:5)
15 verbose pkgid @coreui/react@1.0.10
16 verbose cwd E:\_Job\2019\BRI\BRI Customer & Merchant Analytics\Customer 360\customer_analytics_brisim-dashboard
17 error Windows_NT 10.0.17763
18 error argv "C:\\Program Files\\nodejs\\node.exe" "C:\\Users\\Akhmad Faizal Akbar\\AppData\\Roaming\\npm\\node_modules\\npm\\bin\\npm-cli.js" "start"
19 error node v8.11.3
20 error npm  v3.10.10
21 error code ELIFECYCLE
22 error @coreui/react@1.0.10 start: `webpack-dev-server --progress --color --inline --env.local`
22 error Exit status 1
23 error Failed at the @coreui/react@1.0.10 start script 'webpack-dev-server --progress --color --inline --env.local'.
23 error Make sure you have the latest version of node.js and npm installed.
23 error If you do, this is most likely a problem with the @coreui/react package,
23 error not with npm itself.
23 error Tell the author that this fails on your system:
23 error     webpack-dev-server --progress --color --inline --env.local
23 error You can get information on how to open an issue for this project with:
23 error     npm bugs @coreui/react
23 error Or if that isn't available, you can get their info via:
23 error     npm owner ls @coreui/react
23 error There is likely additional logging output above.
24 verbose exit [ 1, true ]
